#
# There is insufficient memory for the Java Runtime Environment to continue.
# Native memory allocation (mmap) failed to map 134217728 bytes. Error detail: G1 virtual space
# Possible reasons:
#   The system is out of physical RAM or swap space
#   This process is running with CompressedOops enabled, and the Java Heap may be blocking the growth of the native heap
# Possible solutions:
#   Reduce memory load on the system
#   Increase physical memory or swap space
#   Check if swap backing store is full
#   Decrease Java heap size (-Xmx/-Xms)
#   Decrease number of Java threads
#   Decrease Java thread stack sizes (-Xss)
#   Set larger code cache with -XX:ReservedCodeCacheSize=
#   JVM is running with Unscaled Compressed Oops mode in which the Java heap is
#     placed in the first 4GB address space. The Java Heap base address is the
#     maximum limit for the native heap growth. Please use -XX:HeapBaseMinAddress
#     to set the Java Heap base and to place the Java Heap above 4GB virtual address.
# This output file may be truncated or incomplete.
#
#  Out of Memory Error (os_windows.cpp:3631), pid=7920, tid=5020
#
# JRE version:  (22.0.1+8) (build )
# Java VM: Java HotSpot(TM) 64-Bit Server VM (22.0.1+8-16, mixed mode, sharing, tiered, compressed oops, compressed class ptrs, g1 gc, windows-amd64)
# No core dump will be written. Minidumps are not enabled by default on client versions of Windows
#

---------------  S U M M A R Y ------------

Command Line: -Dfile.encoding=UTF-8 --module-path=C:\Users\dell\OneDrive\OfficeMobile\Documents\NetBeansProjects\University Management System\build\classes university.management.system.UpdateStudent

Host: Intel(R) Core(TM) i5-6200U CPU @ 2.30GHz, 4 cores, 7G,  Windows 10 , 64 bit Build 19041 (10.0.19041.3636)
Time: Fri Aug  9 19:50:36 2024 India Standard Time elapsed time: 0.018608 seconds (0d 0h 0m 0s)

---------------  T H R E A D  ---------------

Current thread (0x0000022e45fa3840):  JavaThread "Unknown thread" [_thread_in_vm, id=5020, stack(0x000000f366400000,0x000000f366500000) (1024K)]

Stack: [0x000000f366400000,0x000000f366500000]
Native frames: (J=compiled Java code, j=interpreted, Vv=VM code, C=native code)
V  [jvm.dll+0x6e2279]  (no source info available)
V  [jvm.dll+0x874e33]  (no source info available)
V  [jvm.dll+0x87725e]  (no source info available)
V  [jvm.dll+0x877933]  (no source info available)
V  [jvm.dll+0x27fd76]  (no source info available)
V  [jvm.dll+0x6de915]  (no source info available)
V  [jvm.dll+0x6d341a]  (no source info available)
V  [jvm.dll+0x3589da]  (no source info available)
V  [jvm.dll+0x360f06]  (no source info available)
V  [jvm.dll+0x3b3e2e]  (no source info available)
V  [jvm.dll+0x3b40d8]  (no source info available)
V  [jvm.dll+0x32c59c]  (no source info available)
V  [jvm.dll+0x32d158]  (no source info available)
V  [jvm.dll+0x83ccdc]  (no source info available)
V  [jvm.dll+0x3c0d71]  (no source info available)
V  [jvm.dll+0x825ccc]  (no source info available)
V  [jvm.dll+0x45b8fe]  (no source info available)
V  [jvm.dll+0x45d781]  (no source info available)
C  [jli.dll+0x52a3]  (no source info available)
C  [ucrtbase.dll+0x21bb2]  (no source info available)
C  [KERNEL32.DLL+0x17344]  (no source info available)
C  [ntdll.dll+0x526b1]  (no source info available)


---------------  P R O C E S S  ---------------

Threads class SMR info:
_java_thread_list=0x00007ff85d14b1c8, length=0, elements={
}

Java Threads: ( => current thread )
Total: 0

Other Threads:
  0x0000022e45ff2bb0 WorkerThread "GC Thread#0"                     [id=13100, stack(0x000000f366500000,0x000000f366600000) (1024K)]
  0x0000022e460048f0 ConcurrentGCThread "G1 Main Marker"            [id=13468, stack(0x000000f366600000,0x000000f366700000) (1024K)]
  0x0000022e46005ab0 WorkerThread "G1 Conc#0"                       [id=2748, stack(0x000000f366700000,0x000000f366800000) (1024K)]

[error occurred during error reporting (printing all threads), id 0xc0000005, EXCEPTION_ACCESS_VIOLATION (0xc0000005) at pc=0x00007ff85c89f367]
VM state: not at safepoint (not fully initialized)

VM Mutex/Monitor currently owned by a thread:  ([mutex/lock_event])
[0x00007ff85d1cbcb8] Heap_lock - owner thread: 0x0000022e45fa3840

Heap address: 0x0000000081c00000, size: 2020 MB, Compressed Oops mode: 32-bit

CDS archive(s) mapped at: [0x0000000000000000-0x0000000000000000-0x0000000000000000), size 0, SharedBaseAddress: 0x0000000800000000, ArchiveRelocationMode: 1.
Narrow klass base: 0x0000000000000000, Narrow klass shift: 0, Narrow klass range: 0x0

GC Precious Log:
 CardTable entry size: 512
 Card Set container configuration: InlinePtr #cards 5 size 8 Array Of Cards #cards 12 size 40 Howl #buckets 4 coarsen threshold 1843 Howl Bitmap #cards 512 size 80 coarsen threshold 460 Card regions per heap region 1 cards per card region 2048

Heap:
 garbage-first heap   total reserved 2068480K, committed 0K, used 0K [0x0000000081c00000, 0x0000000100000000)
  region size 1024K, 0 young (0K), 0 survivors (0K)

[error occurred during error reporting (printing heap information), id 0xc0000005, EXCEPTION_ACCESS_VIOLATION (0xc0000005) at pc=0x00007ff85cc9e429]
GC Heap History (0 events):
No events

Dll operation events (1 events):
Event: 0.014 Loaded shared library C:\Program Files\Java\jdk-22\bin\java.dll

Deoptimization events (0 events):
No events

Classes loaded (0 events):
No events

Classes unloaded (0 events):
No events

Classes redefined (0 events):
No events

Internal exceptions (0 events):
No events

ZGC Phase Switch (0 events):
No events

VM Operations (0 events):
No events

Events (0 events):
No events


Dynamic libraries:
0x00007ff635ae0000 - 0x00007ff635af0000 	C:\Program Files\Java\jdk-22\bin\java.exe
0x00007ff8c5a10000 - 0x00007ff8c5c08000 	C:\Windows\SYSTEM32\ntdll.dll
0x00007ff8c3b80000 - 0x00007ff8c3c3d000 	C:\Windows\System32\KERNEL32.DLL
0x00007ff8c34a0000 - 0x00007ff8c3796000 	C:\Windows\System32\KERNELBASE.dll
0x00007ff8c33a0000 - 0x00007ff8c34a0000 	C:\Windows\System32\ucrtbase.dll
0x00007ff8bcd50000 - 0x00007ff8bcd6b000 	C:\Program Files\Java\jdk-22\bin\VCRUNTIME140.dll
0x00007ff8beb10000 - 0x00007ff8beb27000 	C:\Program Files\Java\jdk-22\bin\jli.dll
0x00007ff8c5920000 - 0x00007ff8c59d0000 	C:\Windows\System32\ADVAPI32.dll
0x00007ff8c47d0000 - 0x00007ff8c486e000 	C:\Windows\System32\msvcrt.dll
0x00007ff8c4f30000 - 0x00007ff8c4fd0000 	C:\Windows\System32\sechost.dll
0x00007ff8c4870000 - 0x00007ff8c4993000 	C:\Windows\System32\RPCRT4.dll
0x00007ff8c3960000 - 0x00007ff8c3987000 	C:\Windows\System32\bcrypt.dll
0x00007ff8c42e0000 - 0x00007ff8c447f000 	C:\Windows\System32\USER32.dll
0x00007ff8c3220000 - 0x00007ff8c3242000 	C:\Windows\System32\win32u.dll
0x00007ff8c4490000 - 0x00007ff8c44bb000 	C:\Windows\System32\GDI32.dll
0x00007ff8c3840000 - 0x00007ff8c3957000 	C:\Windows\System32\gdi32full.dll
0x00007ff8b0190000 - 0x00007ff8b042a000 	C:\Windows\WinSxS\amd64_microsoft.windows.common-controls_6595b64144ccf1df_6.0.19041.4355_none_60b8b9eb71f62e16\COMCTL32.dll
0x00007ff8c37a0000 - 0x00007ff8c383d000 	C:\Windows\System32\msvcp_win.dll
0x00007ff8bc9d0000 - 0x00007ff8bc9da000 	C:\Windows\SYSTEM32\VERSION.dll
0x00007ff8c4230000 - 0x00007ff8c4262000 	C:\Windows\System32\IMM32.DLL
0x00007ff8beb30000 - 0x00007ff8beb3c000 	C:\Program Files\Java\jdk-22\bin\vcruntime140_1.dll
0x00007ff8a8370000 - 0x00007ff8a83fe000 	C:\Program Files\Java\jdk-22\bin\msvcp140.dll
0x00007ff85c560000 - 0x00007ff85d2a7000 	C:\Program Files\Java\jdk-22\bin\server\jvm.dll
0x00007ff8c4680000 - 0x00007ff8c46eb000 	C:\Windows\System32\WS2_32.dll
0x00007ff8c25f0000 - 0x00007ff8c263b000 	C:\Windows\SYSTEM32\POWRPROF.dll
0x00007ff8adec0000 - 0x00007ff8adee7000 	C:\Windows\SYSTEM32\WINMM.dll
0x00007ff8c24b0000 - 0x00007ff8c24c2000 	C:\Windows\SYSTEM32\UMPDC.dll
0x00007ff8c18d0000 - 0x00007ff8c18e2000 	C:\Windows\SYSTEM32\kernel.appcore.dll
0x00007ff8bdfc0000 - 0x00007ff8bdfca000 	C:\Program Files\Java\jdk-22\bin\jimage.dll
0x00007ff8c0e20000 - 0x00007ff8c1004000 	C:\Windows\SYSTEM32\DBGHELP.DLL
0x00007ff8a7d20000 - 0x00007ff8a7d54000 	C:\Windows\SYSTEM32\dbgcore.DLL
0x00007ff8c32a0000 - 0x00007ff8c3322000 	C:\Windows\System32\bcryptPrimitives.dll
0x00007ff8bc500000 - 0x00007ff8bc51e000 	C:\Program Files\Java\jdk-22\bin\java.dll
0x00007ff8c4fd0000 - 0x00007ff8c573b000 	C:\Windows\System32\SHELL32.dll
0x00007ff8c57f0000 - 0x00007ff8c591b000 	C:\Windows\System32\ole32.dll
0x00007ff8c3d20000 - 0x00007ff8c4073000 	C:\Windows\System32\combase.dll

dbghelp: loaded successfully - version: 4.0.5 - missing functions: none
symbol engine: initialized successfully - sym options: 0x614 - pdb path: .;C:\Program Files\Java\jdk-22\bin;C:\Windows\SYSTEM32;C:\Windows\WinSxS\amd64_microsoft.windows.common-controls_6595b64144ccf1df_6.0.19041.4355_none_60b8b9eb71f62e16;C:\Program Files\Java\jdk-22\bin\server

VM Arguments:
jvm_args: -Dfile.encoding=UTF-8 --module-path=C:\Users\dell\OneDrive\OfficeMobile\Documents\NetBeansProjects\University Management System\build\classes 
java_command: university.management.system.UpdateStudent
java_class_path (initial): C:\Users\dell\Downloads\Jar\mysql-connector-java-8.0.28.jar;C:\Users\dell\Downloads\Jar\jcalendar-tz-1.3.3-4.jar;C:\Users\dell\Downloads\Jar\rs2xml.jar;C:\Users\dell\OneDrive\OfficeMobile\Documents\NetBeansProjects\University Management System\build\classes
Launcher Type: SUN_STANDARD

[Global flags]
     intx CICompilerCount                          = 3                                         {product} {ergonomic}
     uint ConcGCThreads                            = 1                                         {product} {ergonomic}
     uint G1ConcRefinementThreads                  = 4                                         {product} {ergonomic}
   size_t G1HeapRegionSize                         = 1048576                                   {product} {ergonomic}
   size_t InitialHeapSize                          = 134217728                                 {product} {ergonomic}
   size_t MarkStackSize                            = 4194304                                   {product} {ergonomic}
   size_t MaxHeapSize                              = 2118123520                                {product} {ergonomic}
   size_t MinHeapDeltaBytes                        = 1048576                                   {product} {ergonomic}
   size_t MinHeapSize                              = 8388608                                   {product} {ergonomic}
    uintx NonNMethodCodeHeapSize                   = 5832780                                {pd product} {ergonomic}
    uintx NonProfiledCodeHeapSize                  = 122912730                              {pd product} {ergonomic}
    uintx ProfiledCodeHeapSize                     = 122912730                              {pd product} {ergonomic}
    uintx ReservedCodeCacheSize                    = 251658240                              {pd product} {ergonomic}
     bool SegmentedCodeCache                       = true                                      {product} {ergonomic}
   size_t SoftMaxHeapSize                          = 2118123520                             {manageable} {ergonomic}
     bool UseCompressedOops                        = true                           {product lp64_product} {ergonomic}
     bool UseG1GC                                  = true                                      {product} {ergonomic}
     bool UseLargePagesIndividualAllocation        = false                                  {pd product} {ergonomic}

Logging:
Log output configuration:
 #0: stdout all=warning uptime,level,tags foldmultilines=false
 #1: stderr all=off uptime,level,tags foldmultilines=false

Environment Variables:
PATH=C:\Program Files\Common Files\Oracle\Java\javapath;C:\Windows\system32;C:\Windows;C:\Windows\System32\Wbem;C:\Windows\System32\WindowsPowerShell\v1.0\;C:\Windows\System32\OpenSSH\;C:\MinGW\bin;C:\Program Files\MySQL\MySQL Server 8.0\bin;C:\Users\dell\AppData\Local\Programs\Python\Python312;C:\Users\dell\AppData\Local\Programs\Python\Python312\Scripts;C:\Program Files\Git\cmd;C:\Windows\System32;C:\Program Files\nodejs\;C:\Program Files\nodejs;C:\Users\dell\AppData\Local\Programs\Python\Python312\Scripts\;C:\Users\dell\AppData\Local\Programs\Python\Python312\;C:\Program Files\MySQL\MySQL Shell 8.0\bin\;C:\Users\dell\AppData\Local\Programs\Python\Python311\Scripts\;C:\Users\dell\AppData\Local\Programs\Python\Python311\;C:\Users\dell\AppData\Local\Microsoft\WindowsApps;C:\MinGW\bin;C:\Users\dell\AppData\Local\Programs\Microsoft VS Code\bin;C:\Users\dell\AppData\Local\JetBrains\Toolbox\scripts;C:\Users\dell\AppData\Roaming\npm
USERNAME=dell
OS=Windows_NT
PROCESSOR_IDENTIFIER=Intel64 Family 6 Model 78 Stepping 3, GenuineIntel
TMP=C:\Users\dell\AppData\Local\Temp
TEMP=C:\Users\dell\AppData\Local\Temp




Periodic native trim disabled

---------------  S Y S T E M  ---------------

OS:
 Windows 10 , 64 bit Build 19041 (10.0.19041.3636)
OS uptime: 1 days 23:15 hours

CPU: total 4 (initial active 4) (2 cores per cpu, 2 threads per core) family 6 model 78 stepping 3 microcode 0xf0, cx8, cmov, fxsr, ht, mmx, 3dnowpref, sse, sse2, sse3, ssse3, sse4.1, sse4.2, popcnt, lzcnt, tsc, tscinvbit, avx, avx2, aes, erms, clmul, bmi1, bmi2, adx, fma, vzeroupper, clflush, clflushopt, rdtscp, f16c
Processor Information for all 4 processors :
  Max Mhz: 2401, Current Mhz: 2401, Mhz Limit: 2401

Memory: 4k page, system-wide physical 8073M (1208M free)
TotalPageFile size 14668M (AvailPageFile size 4M)
current process WorkingSet (physical memory assigned to process): 12M, peak: 12M
current process commit charge ("private bytes"): 52M, peak: 180M

vm_info: Java HotSpot(TM) 64-Bit Server VM (22.0.1+8-16) for windows-amd64 JRE (22.0.1+8-16), built on 2024-03-12T10:33:16Z by "mach5one" with MS VC++ 17.6 (VS2022)

END.
